<?xml version="1.0" encoding="UTF-8"?>
<beans xmlns="http://www.springframework.org/schema/beans"
xmlns:tx="http://www.springframework.org/schema/tx"
       xmlns:xsi="http://www.w3.org/2001/XMLSchema-instance"
       xmlns:jdbc="http://www.springframework.org/schema/jdbc"
       xmlns:context="http://www.springframework.org/schema/context"
       xsi:schemaLocation="http://www.springframework.org/schema/beans
                           http://www.springframework.org/schema/beans/spring-beans.xsd http://www.springframework.org/schema/jdbc http://www.springframework.org/schema/jdbc/spring-jdbc.xsd http://www.springframework.org/schema/context http://www.springframework.org/schema/context/spring-context.xsd 
 http://www.springframework.org/schema/tx 
http://www.springframework.org/schema/tx/spring-tx-4.0.xsd">

    <!-- load H2 jdbc properties -->
    <context:property-placeholder location="classpath:database.properties"/>
    <context:annotation-config/>
    <jdbc:embedded-database id="dataSource" type="HSQL">
    </jdbc:embedded-database>
    
    <bean id="entityManagerFactory"
        class="org.springframework.orm.jpa.LocalContainerEntityManagerFactoryBean">
        <!-- <property name="persistenceXmlLocation" value="classpath:config/persistence.xml" 
            /> -->
        <property name="dataSource" ref="dataSource" />
        <property name="packagesToScan" value="ar.com.sgt.persistence.entity*" />
        <property name="jpaVendorAdapter">
            <bean class="org.springframework.orm.jpa.vendor.HibernateJpaVendorAdapter">
                <property name="showSql" value="${hibernate.show_sql}" />
                <property name="databasePlatform" value="${hibernate.dialect}" />
            </bean>
        </property>
        <property name="jpaProperties">
            <props>
                <prop key="hibernate.ejb.naming_strategy">${hibernate.ejb.naming_strategy}</prop>
                <prop key="hibernate.check_nullability">${hibernate.check_nullability}</prop>
                <prop key="org.hibernate.flushMode">COMMIT</prop>
            </props>
        </property>
    </bean>
    
    <tx:annotation-driven transaction-manager="transactionManager" />
    <bean id="transactionManager" class="org.springframework.orm.jpa.JpaTransactionManager">
        <property name="entityManagerFactory" ref="entityManagerFactory" />
    </bean>
    <tx:annotation-driven />

    
    <bean id="clienteDao" class="ar.com.sgt.persistence.dao.impl.ClienteDao">

    </bean>


</beans>